{
  "stats": {
    "suites": 3,
    "tests": 11,
    "passes": 11,
    "pending": 0,
    "failures": 0,
    "start": "2023-10-24T10:52:33.800Z",
    "end": "2023-10-24T10:52:37.445Z",
    "duration": 3645,
    "testsRegistered": 11,
    "passPercent": 100,
    "pendingPercent": 0,
    "other": 0,
    "hasOther": false,
    "skipped": 0,
    "hasSkipped": false
  },
  "results": [
    {
      "uuid": "d0fcf0ce-7919-432e-8601-ab6b75d458e7",
      "title": "",
      "fullFile": "",
      "file": "",
      "beforeHooks": [],
      "afterHooks": [],
      "tests": [],
      "suites": [
        {
          "uuid": "91bce4d6-0787-477b-9be9-8c1231fd671d",
          "title": "POST /api/v1/auth/login",
          "fullFile": "/home/tulika/Lattice-projects/fhir-facade-demo/test/authentication.test.js",
          "file": "/test/authentication.test.js",
          "beforeHooks": [],
          "afterHooks": [],
          "tests": [
            {
              "title": "should allow login with the given email and password",
              "fullTitle": "POST /api/v1/auth/login should allow login with the given email and password",
              "timedOut": false,
              "duration": 131,
              "state": "passed",
              "speed": "slow",
              "pass": true,
              "fail": false,
              "pending": false,
              "context": null,
              "code": "const response = await chai.request(app).post('/api/v1/auth/login')\n.send({\n  \"userContact\": \"tulika@thelattice.in\",\n  \"password\": \"Lattice@1234\"\n});\nexpect(response.status).to.eql(200);\nexpect(response.body).to.have.property(\"status\");\nexpect(response.body.status).to.eql(1);\nexpect(response.body.data).to.be.an('object').that.is.not.empty;",
              "err": {},
              "uuid": "8023e579-4098-4453-aedf-9aaf52dc1e8d",
              "parentUUID": "91bce4d6-0787-477b-9be9-8c1231fd671d",
              "isHook": false,
              "skipped": false
            },
            {
              "title": "should detect invalid email",
              "fullTitle": "POST /api/v1/auth/login should detect invalid email",
              "timedOut": false,
              "duration": 3,
              "state": "passed",
              "speed": "fast",
              "pass": true,
              "fail": false,
              "pending": false,
              "context": null,
              "code": "const response = await chai.request(app).post('/api/v1/auth/login')\n.send({\n  \"userContact\": \"tulika@.in\",\n  \"password\": \"Lattice@1234\"\n});\nexpect(response.status).to.eql(422);\nexpect(response.body).to.have.property(\"status\");\nexpect(response.body.status).to.eql(0);\nexpect(response.body.data).to.be.an('object').that.is.not.empty;",
              "err": {},
              "uuid": "076b85a4-227b-441f-8d9b-69a2ddfb0d6a",
              "parentUUID": "91bce4d6-0787-477b-9be9-8c1231fd671d",
              "isHook": false,
              "skipped": false
            },
            {
              "title": "should not allow login with the given email",
              "fullTitle": "POST /api/v1/auth/login should not allow login with the given email",
              "timedOut": false,
              "duration": 3,
              "state": "passed",
              "speed": "fast",
              "pass": true,
              "fail": false,
              "pending": false,
              "context": null,
              "code": "const response = await chai.request(app).post('/api/v1/auth/login')\n.send({\n  \"userContact\": \"tulika@theattice.in\",\n  \"password\": \"Lattice@12\"\n});\nexpect(response.status).to.eql(401);\nexpect(response.body).to.have.property(\"status\");\nexpect(response.body.status).to.eql(0);",
              "err": {},
              "uuid": "f09d4575-bb31-4029-83ee-76b85366e066",
              "parentUUID": "91bce4d6-0787-477b-9be9-8c1231fd671d",
              "isHook": false,
              "skipped": false
            },
            {
              "title": "should not allow login with the given password",
              "fullTitle": "POST /api/v1/auth/login should not allow login with the given password",
              "timedOut": false,
              "duration": 65,
              "state": "passed",
              "speed": "medium",
              "pass": true,
              "fail": false,
              "pending": false,
              "context": null,
              "code": "const response = await chai.request(app).post('/api/v1/auth/login')\n.send({\n  \"userContact\": \"tulika@thelattice.in\",\n  \"password\": \"Lattice@123\"\n});\nexpect(response.status).to.eql(401);\nexpect(response.body).to.have.property(\"status\");\nexpect(response.body.status).to.eql(0);",
              "err": {},
              "uuid": "c48c51fd-c3f4-400f-88d9-11bc82aa7598",
              "parentUUID": "91bce4d6-0787-477b-9be9-8c1231fd671d",
              "isHook": false,
              "skipped": false
            },
            {
              "title": "should not allow login after multiple incorrect attempts",
              "fullTitle": "POST /api/v1/auth/login should not allow login after multiple incorrect attempts",
              "timedOut": false,
              "duration": 256,
              "state": "passed",
              "speed": "slow",
              "pass": true,
              "fail": false,
              "pending": false,
              "context": null,
              "code": "let response = await checkLimit();\nexpect(response.status).to.eql(401);\nexpect(response.body).to.have.property(\"status\");\nexpect(response.body.status).to.eql(0);\nexpect(response.body.message).to.eql(\"Too many attempts. Please try after 5 mins\");",
              "err": {},
              "uuid": "e1ea7909-9ed1-46c5-9de1-6f4d551b7747",
              "parentUUID": "91bce4d6-0787-477b-9be9-8c1231fd671d",
              "isHook": false,
              "skipped": false
            }
          ],
          "suites": [],
          "passes": [
            "8023e579-4098-4453-aedf-9aaf52dc1e8d",
            "076b85a4-227b-441f-8d9b-69a2ddfb0d6a",
            "f09d4575-bb31-4029-83ee-76b85366e066",
            "c48c51fd-c3f4-400f-88d9-11bc82aa7598",
            "e1ea7909-9ed1-46c5-9de1-6f4d551b7747"
          ],
          "failures": [],
          "pending": [],
          "skipped": [],
          "duration": 458,
          "root": false,
          "rootEmpty": false,
          "_timeout": 25000
        },
        {
          "uuid": "2e11c954-dd2e-4e49-9f76-6d1a05e370e1",
          "title": "POST /api/v1/auth/app/user/verify",
          "fullFile": "/home/tulika/Lattice-projects/fhir-facade-demo/test/authentication.test.js",
          "file": "/test/authentication.test.js",
          "beforeHooks": [],
          "afterHooks": [],
          "tests": [
            {
              "title": "should verify the email",
              "fullTitle": "POST /api/v1/auth/app/user/verify should verify the email",
              "timedOut": false,
              "duration": 1719,
              "state": "passed",
              "speed": "slow",
              "pass": true,
              "fail": false,
              "pending": false,
              "context": null,
              "code": "const response = await chai.request(app).post('/api/v1/auth/app/user/verify')\n.send({\n  \"userContact\": \"tulika@thelattice.in\",\n});\nexpect(response.status).to.eql(200);\nexpect(response.body).to.have.property(\"status\");\nexpect(response.body.status).to.eql(1);\nexpect(response.body).to.be.an('object').that.is.not.empty;",
              "err": {},
              "uuid": "d3bdd31a-d480-47a7-b5a0-97f459009c92",
              "parentUUID": "2e11c954-dd2e-4e49-9f76-6d1a05e370e1",
              "isHook": false,
              "skipped": false
            },
            {
              "title": "should not allow user verification",
              "fullTitle": "POST /api/v1/auth/app/user/verify should not allow user verification",
              "timedOut": false,
              "duration": 4,
              "state": "passed",
              "speed": "fast",
              "pass": true,
              "fail": false,
              "pending": false,
              "context": null,
              "code": "const response = await chai.request(app).post('/api/v1/auth/app/user/verify')\n.send({\n  \"userContact\": \"tulika1@thelattice.in\",\n});\nexpect(response.status).to.eql(401);\nexpect(response.body).to.have.property(\"status\");\nexpect(response.body.status).to.eql(0);\nexpect(response.body).to.be.an('object').that.is.not.empty;",
              "err": {},
              "uuid": "95f226d8-3ddb-447d-be3f-f085915b6bae",
              "parentUUID": "2e11c954-dd2e-4e49-9f76-6d1a05e370e1",
              "isHook": false,
              "skipped": false
            },
            {
              "title": "should not allow user verification using mobile",
              "fullTitle": "POST /api/v1/auth/app/user/verify should not allow user verification using mobile",
              "timedOut": false,
              "duration": 1439,
              "state": "passed",
              "speed": "slow",
              "pass": true,
              "fail": false,
              "pending": false,
              "context": null,
              "code": "const response = await chai.request(app).post('/api/v1/auth/app/user/verify')\n.send({\n  \"userContact\": \"8709135849\",\n});\nexpect(response.status).to.eql(200);\nexpect(response.body).to.have.property(\"status\");\nexpect(response.body.status).to.eql(1);",
              "err": {},
              "uuid": "c912b230-ab4c-4223-9069-e72f5c9ed734",
              "parentUUID": "2e11c954-dd2e-4e49-9f76-6d1a05e370e1",
              "isHook": false,
              "skipped": false
            }
          ],
          "suites": [],
          "passes": [
            "d3bdd31a-d480-47a7-b5a0-97f459009c92",
            "95f226d8-3ddb-447d-be3f-f085915b6bae",
            "c912b230-ab4c-4223-9069-e72f5c9ed734"
          ],
          "failures": [],
          "pending": [],
          "skipped": [],
          "duration": 3162,
          "root": false,
          "rootEmpty": false,
          "_timeout": 25000
        },
        {
          "uuid": "1d46dc1d-1ff6-4051-9c5f-0511e3834681",
          "title": "POST /api/v1/auth/setPassword",
          "fullFile": "/home/tulika/Lattice-projects/fhir-facade-demo/test/authentication.test.js",
          "file": "/test/authentication.test.js",
          "beforeHooks": [],
          "afterHooks": [],
          "tests": [
            {
              "title": "should not verify the email",
              "fullTitle": "POST /api/v1/auth/setPassword should not verify the email",
              "timedOut": false,
              "duration": 4,
              "state": "passed",
              "speed": "fast",
              "pass": true,
              "fail": false,
              "pending": false,
              "context": null,
              "code": "const response = await chai.request(app).post('/api/v1/auth/setPassword')\n.send({\n  \"userContact\": \"tulika1@thelattice.in\",\n  \"newPassword\": \"Lattice@123\",\n  \"otp\": \"111111\"\n});\nexpect(response.status).to.eql(401);\nexpect(response.body).to.have.property(\"status\");\nexpect(response.body.status).to.eql(0);\nexpect(response.body).to.be.an('object').that.is.not.empty;",
              "err": {},
              "uuid": "ef414b42-8fa7-4e34-8a6e-16f648ce2417",
              "parentUUID": "1d46dc1d-1ff6-4051-9c5f-0511e3834681",
              "isHook": false,
              "skipped": false
            },
            {
              "title": "should have successful otp verification",
              "fullTitle": "POST /api/v1/auth/setPassword should have successful otp verification",
              "timedOut": false,
              "duration": 6,
              "state": "passed",
              "speed": "fast",
              "pass": true,
              "fail": false,
              "pending": false,
              "context": null,
              "code": "const response = await chai.request(app).post('/api/v1/auth/setPassword')\n.send({\n  \"userContact\": \"tulika@thelattice.in\",\n  \"newPassword\": \"Lattice@123\",\n  \"otp\": \"198980\"\n});\nexpect(response.status).to.eql(401);\nexpect(response.body).to.have.property(\"status\");\nexpect(response.body.status).to.eql(0);\nexpect(response.body).to.be.an('object').that.is.not.empty;",
              "err": {},
              "uuid": "df325b6c-9945-486d-811a-76ef51ff64c1",
              "parentUUID": "1d46dc1d-1ff6-4051-9c5f-0511e3834681",
              "isHook": false,
              "skipped": false
            },
            {
              "title": "should not allow otp verification",
              "fullTitle": "POST /api/v1/auth/setPassword should not allow otp verification",
              "timedOut": false,
              "duration": 9,
              "state": "passed",
              "speed": "fast",
              "pass": true,
              "fail": false,
              "pending": false,
              "context": null,
              "code": "const response = await chai.request(app).post('/api/v1/auth/setPassword')\n.send({\n  \"userContact\": \"tulika@thelattice.in\",\n  \"newPassword\": \"Lattice@123\",\n  \"otp\": \"198980\"\n});\nexpect(response.status).to.eql(401);\nexpect(response.body).to.have.property(\"status\");\nexpect(response.body.status).to.eql(0);",
              "err": {},
              "uuid": "ec18ca3e-23f9-450f-a632-cf2077afb60b",
              "parentUUID": "1d46dc1d-1ff6-4051-9c5f-0511e3834681",
              "isHook": false,
              "skipped": false
            }
          ],
          "suites": [],
          "passes": [
            "ef414b42-8fa7-4e34-8a6e-16f648ce2417",
            "df325b6c-9945-486d-811a-76ef51ff64c1",
            "ec18ca3e-23f9-450f-a632-cf2077afb60b"
          ],
          "failures": [],
          "pending": [],
          "skipped": [],
          "duration": 19,
          "root": false,
          "rootEmpty": false,
          "_timeout": 25000
        }
      ],
      "passes": [],
      "failures": [],
      "pending": [],
      "skipped": [],
      "duration": 0,
      "root": true,
      "rootEmpty": true,
      "_timeout": 25000
    }
  ],
  "meta": {
    "mocha": {
      "version": "10.2.0"
    },
    "mochawesome": {
      "options": {
        "quiet": false,
        "reportFilename": "mochawesome",
        "saveHtml": true,
        "saveJson": true,
        "consoleReporter": "spec",
        "useInlineDiffs": false,
        "code": true
      },
      "version": "7.1.3"
    },
    "marge": {
      "options": null,
      "version": "6.2.0"
    }
  }
}